d:\gof\sbomberproject\sbomberproject\x64\debug\vc142.pdb
d:\gof\sbomberproject\sbomberproject\x64\debug\vc142.idb
d:\gof\sbomberproject\sbomberproject\x64\debug\tank.obj
d:\gof\sbomberproject\sbomberproject\x64\debug\sbomberproject.obj
d:\gof\sbomberproject\sbomberproject\x64\debug\sbomber.obj
d:\gof\sbomberproject\sbomberproject\x64\debug\plane.obj
d:\gof\sbomberproject\sbomberproject\x64\debug\mytools.obj
d:\gof\sbomberproject\sbomberproject\x64\debug\levelgui.obj
d:\gof\sbomberproject\sbomberproject\x64\debug\house.obj
d:\gof\sbomberproject\sbomberproject\x64\debug\ground.obj
d:\gof\sbomberproject\sbomberproject\x64\debug\bomb.obj
d:\gof\sbomberproject\sbomberproject\x64\debug\sbomberproject.ilk
d:\gof\sbomberproject\x64\debug\sbomberproject.exe
d:\gof\sbomberproject\x64\debug\sbomberproject.pdb
d:\gof\sbomberproject\sbomberproject\x64\debug\sbomberproject.tlog\cl.command.1.tlog
d:\gof\sbomberproject\sbomberproject\x64\debug\sbomberproject.tlog\cl.read.1.tlog
d:\gof\sbomberproject\sbomberproject\x64\debug\sbomberproject.tlog\cl.write.1.tlog
d:\gof\sbomberproject\sbomberproject\x64\debug\sbomberproject.tlog\link.command.1.tlog
d:\gof\sbomberproject\sbomberproject\x64\debug\sbomberproject.tlog\link.read.1.tlog
d:\gof\sbomberproject\sbomberproject\x64\debug\sbomberproject.tlog\link.write.1.tlog
